2015-07-09 15:48:01.8269|INFO|WebApi.Helpers.NLogger|JSON
Method: GET
URL: http://localhost:55959/v1/Products/Product/all?id=1
Token: 38f41f23-3e51-4316-a235-8c660f40a51a
Controller : WebApi.Controllers.ProductController
Action : Get
Action Parameters : {"messageFormat":"JSON","messageArguments":[{"id":1}]}

2015-07-09 15:48:17.0682|INFO|WebApi.Helpers.NLogger|JSON
Method: POST
URL: http://localhost:55959/get/token
Controller : WebApi.Controllers.AuthenticateController
Action : Authenticate
Action Parameters : {"messageFormat":"JSON","messageArguments":[{}]}

2015-07-09 15:48:23.6503|INFO|WebApi.Helpers.NLogger|JSON
Method: POST
URL: http://localhost:55959/get/token
Controller : WebApi.Controllers.AuthenticateController
Action : Authenticate
Action Parameters : {"messageFormat":"JSON","messageArguments":[{}]}

2015-07-09 15:49:35.1514|INFO|WebApi.Helpers.NLogger|JSON
Method: GET
URL: http://localhost:55959/v1/Products/Product/all?id=1
Token: 98560599-553b-4707-9ff6-b3b5bc9c900c
Controller : WebApi.Controllers.ProductController
Action : Get
Action Parameters : {"messageFormat":"JSON","messageArguments":[{"id":1}]}

2015-07-09 15:49:41.6215|INFO|WebApi.Helpers.NLogger|JSON
Method: GET
URL: http://localhost:55959/v1/Products/Product/all?id=12345
Token: 98560599-553b-4707-9ff6-b3b5bc9c900c
Controller : WebApi.Controllers.ProductController
Action : Get
Action Parameters : {"messageFormat":"JSON","messageArguments":[{"id":12345}]}

2015-07-09 15:49:44.4361|ERROR|WebApi.Helpers.NLogger|Method: GET
URL: http://localhost:55959/v1/Products/Product/all?id=12345
Token: 98560599-553b-4707-9ff6-b3b5bc9c900c
Controller : WebApi.Controllers.ProductController
Action : Get
Action Parameters : 
Error: No product found for this id
Error Code: 1001


